IP Upgrade report for ProcessingCore
Sun Jun 02 20:42:06 2019
Quartus Prime Version 18.0.0 Build 614 04/24/2018 SJ Standard Edition


---------------------
; Table of Contents ;
---------------------
  1. Legal Notice
  2. IP Upgrade Summary
  3. IP Upgrade Messages



----------------
; Legal Notice ;
----------------
Copyright (C) 2018  Intel Corporation. All rights reserved.
Your use of Intel Corporation's design tools, logic functions 
and other software and tools, and its AMPP partner logic 
functions, and any output files from any of the foregoing 
(including device programming or simulation files), and any 
associated documentation or information are expressly subject 
to the terms and conditions of the Intel Program License 
Subscription Agreement, the Intel Quartus Prime License Agreement,
the Intel FPGA IP License Agreement, or other applicable license
agreement, including, without limitation, that your use is for
the sole purpose of programming logic devices manufactured by
Intel and sold by Intel or its authorized distributors.  Please
refer to the applicable agreement for further details.



+--------------------------------------------------------------------------------+
; IP Upgrade Summary                                                             ;
+------------------------------+-------------------------------------------------+
; IP Components Upgrade Status ; Failed - Sun Jun 02 20:42:06 2019               ;
; Quartus Prime Version        ; 18.0.0 Build 614 04/24/2018 SJ Standard Edition ;
; Revision Name                ; ProcessingCore                                  ;
; Top-level Entity Name        ; proc_top                                        ;
; Family                       ; Stratix IV                                      ;
+------------------------------+-------------------------------------------------+


+---------------------+
; IP Upgrade Messages ;
+---------------------+
Info (23030): Evaluation of Tcl script d:/intelfpga/18.0/quartus/common/tcl/internal/ip_regen/ip_regen.tcl was successful
Info: Quartus Prime Shell was successful. 0 errors, 0 warnings
    Info: Peak virtual memory: 5167 megabytes
    Info: Processing ended: Sun Jun 02 20:42:08 2019
    Info: Elapsed time: 00:00:31
    Info: Total CPU time (on all processors): 00:00:34


